[28-Feb-2025 01:12:17 Europe/Berlin] PHP Warning:  require_once(../../php/conn.php): Failed to open stream: No such file or directory in C:\xamppNew\htdocs\CSE7-PROJECT\Car_Rental_System(revised3)\MAIN\main-php\login.php on line 14
[28-Feb-2025 01:12:27 Europe/Berlin] PHP Warning:  require_once(../../php/conn.php): Failed to open stream: No such file or directory in C:\xamppNew\htdocs\CSE7-PROJECT\Car_Rental_System(revised3)\MAIN\main-php\login.php on line 14
[28-Feb-2025 01:35:28 Europe/Berlin] PHP Warning:  require_once(../../php/conn.php): Failed to open stream: No such file or directory in C:\xamppNew\htdocs\CSE7-PROJECT\Car_Rental_System(revised3)\MAIN\main-php\login.php on line 14
[28-Feb-2025 08:45:11 Europe/Berlin] PHP Warning:  require_once(../../php/conn.php): Failed to open stream: No such file or directory in C:\xamppNew\htdocs\CSE7-PROJECT\Car_Rental_System(revised3)\MAIN\main-php\signup.php on line 14
[28-Feb-2025 08:45:17 Europe/Berlin] PHP Warning:  require_once(../../php/conn.php): Failed to open stream: No such file or directory in C:\xamppNew\htdocs\CSE7-PROJECT\Car_Rental_System(revised3)\MAIN\main-php\signup.php on line 14
[28-Feb-2025 08:49:35 Europe/Berlin] PHP Warning:  require_once(../../php/conn.php): Failed to open stream: No such file or directory in C:\xamppNew\htdocs\CSE7-PROJECT\Car_Rental_System(revised3)\MAIN\main-php\signup.php on line 13
[28-Feb-2025 08:49:35 Europe/Berlin] PHP Warning:  Undefined variable $response in C:\xamppNew\htdocs\CSE7-PROJECT\Car_Rental_System(revised3)\MAIN\main-php\signup.php on line 120
[28-Feb-2025 08:51:42 Europe/Berlin] PHP Warning:  require_once(../../php/conn.php): Failed to open stream: No such file or directory in C:\xamppNew\htdocs\CSE7-PROJECT\Car_Rental_System(revised3)\MAIN\main-php\signup.php on line 15
[28-Feb-2025 08:55:02 Europe/Berlin] PHP Warning:  require_once(../../php/conn.php): Failed to open stream: No such file or directory in C:\xamppNew\htdocs\CSE7-PROJECT\Car_Rental_System(revised3)\MAIN\main-php\signup.php on line 10
[28-Feb-2025 08:55:02 Europe/Berlin] PHP Fatal error:  Uncaught Error: Failed opening required '../../php/conn.php' (include_path='C:\xamppNew\php\PEAR') in C:\xamppNew\htdocs\CSE7-PROJECT\Car_Rental_System(revised3)\MAIN\main-php\signup.php:10
Stack trace:
#0 {main}
  thrown in C:\xamppNew\htdocs\CSE7-PROJECT\Car_Rental_System(revised3)\MAIN\main-php\signup.php on line 10
[28-Feb-2025 08:57:47 Europe/Berlin] POST data: Array
(
    [name] => customer1
    [email] => customer1@gmail.com
    [contact] => 09207056696
    [password] => customer1
    [confirmPassword] => customer1
)

[28-Feb-2025 08:57:47 Europe/Berlin] FILES data: Array
(
    [dlpic] => Array
        (
            [name] => select_from2.png
            [full_path] => select_from2.png
            [type] => image/png
            [tmp_name] => C:\xamppNew\tmp\php749F.tmp
            [error] => 0
            [size] => 15453
        )

)

[28-Feb-2025 08:58:13 Europe/Berlin] PHP Warning:  require_once(../../php/conn.php): Failed to open stream: No such file or directory in C:\xamppNew\htdocs\CSE7-PROJECT\Car_Rental_System(revised3)\MAIN\main-php\login.php on line 14
[28-Feb-2025 09:03:20 Europe/Berlin] PHP Warning:  require_once(../../php/conn.php): Failed to open stream: No such file or directory in C:\xamppNew\htdocs\CSE7-PROJECT\Car_Rental_System(revised3)\MAIN\main-php\login.php on line 8
[28-Feb-2025 09:03:20 Europe/Berlin] PHP Warning:  Undefined variable $response in C:\xamppNew\htdocs\CSE7-PROJECT\Car_Rental_System(revised3)\MAIN\main-php\login.php on line 95
[28-Feb-2025 09:09:30 Europe/Berlin] PHP Warning:  require_once(../../php/conn.php): Failed to open stream: No such file or directory in C:\xamppNew\htdocs\CSE7-PROJECT\Car_Rental_System(revised3)\MAIN\main-php\login.php on line 14
[28-Feb-2025 09:11:35 Europe/Berlin] PHP Warning:  require_once(../../php/conn.php): Failed to open stream: No such file or directory in C:\xamppNew\htdocs\CSE7-PROJECT\Car_Rental_System(revised3)\MAIN\main-php\login.php on line 8
[28-Feb-2025 09:11:35 Europe/Berlin] PHP Fatal error:  Uncaught Error: Failed opening required '../../php/conn.php' (include_path='C:\xamppNew\php\PEAR') in C:\xamppNew\htdocs\CSE7-PROJECT\Car_Rental_System(revised3)\MAIN\main-php\login.php:8
Stack trace:
#0 {main}
  thrown in C:\xamppNew\htdocs\CSE7-PROJECT\Car_Rental_System(revised3)\MAIN\main-php\login.php on line 8
[28-Feb-2025 09:13:50 Europe/Berlin] Login attempt - Email: admin@gmail.com
[28-Feb-2025 09:13:50 Europe/Berlin] Login error: Admin account not found
[28-Feb-2025 09:14:59 Europe/Berlin] Login attempt - Email: admin@gmail.com
[28-Feb-2025 09:14:59 Europe/Berlin] Login error: Admin account not found
[28-Feb-2025 09:16:21 Europe/Berlin] Login attempt - Email: admin@gmail.com
[28-Feb-2025 09:16:21 Europe/Berlin] Admin login attempt - Result rows: 1
[28-Feb-2025 09:16:21 Europe/Berlin] Admin data: Array
(
    [id] => 6
    [password] => admin
    [position] => CRSS manager
    [status] => Active
)

[28-Feb-2025 09:17:13 Europe/Berlin] Login attempt - Email: customer1@gmail.com
[28-Feb-2025 09:37:58 Europe/Berlin] Login attempt - Email: customer1@gmail.com
[28-Feb-2025 13:19:02 Europe/Berlin] Login attempt - Email: admin@gmail.com
[28-Feb-2025 13:19:02 Europe/Berlin] Admin login attempt - Result rows: 1
[28-Feb-2025 13:19:02 Europe/Berlin] Admin data: Array
(
    [id] => 6
    [password] => admin
    [position] => CRSS manager
    [status] => Active
)

[28-Feb-2025 13:20:18 Europe/Berlin] Login attempt - Email: customer1@gmail.com
[28-Feb-2025 13:37:54 Europe/Berlin] Login attempt - Email: customer1@gmail.com
[28-Feb-2025 13:38:30 Europe/Berlin] Login attempt - Email: customer1@gmail.com
[28-Feb-2025 13:42:05 Europe/Berlin] Login attempt - Email: customer1@gmail.com
[28-Feb-2025 13:42:29 Europe/Berlin] Login attempt - Email: customer1@gmail.com
[28-Feb-2025 13:48:00 Europe/Berlin] Login attempt - Email: customer1@gmail.com
[28-Feb-2025 14:13:33 Europe/Berlin] Login attempt - Email: customer1@gmail.com
[01-Mar-2025 00:42:02 Europe/Berlin] Login attempt - Email: admin@gmail.com
[01-Mar-2025 00:42:02 Europe/Berlin] Admin login attempt - Result rows: 1
[01-Mar-2025 00:42:02 Europe/Berlin] Admin data: Array
(
    [id] => 6
    [password] => admin
    [position] => CRSS manager
    [status] => Active
)

[01-Mar-2025 00:45:41 Europe/Berlin] Login attempt - Email: customer1@gmail.com
[01-Mar-2025 00:45:41 Europe/Berlin] Login error: Invalid credentials
[01-Mar-2025 00:45:49 Europe/Berlin] Login attempt - Email: customer1@gmail.com
[01-Mar-2025 01:23:01 Europe/Berlin] Login attempt - Email: customer1@gmail.com
[01-Mar-2025 01:26:38 Europe/Berlin] Login attempt - Email: customer1@gmail.com
[01-Mar-2025 01:26:38 Europe/Berlin] Login error: Invalid credentials
[01-Mar-2025 01:26:44 Europe/Berlin] Login attempt - Email: customer1@gmail.com
[01-Mar-2025 01:31:08 Europe/Berlin] Login attempt - Email: customer1@gmail.com
[01-Mar-2025 01:51:31 Europe/Berlin] Login attempt - Email: customer1@gmail.com
[01-Mar-2025 02:15:39 Europe/Berlin] Login attempt - Email: customer1@gmail.com
[01-Mar-2025 02:25:05 Europe/Berlin] Login attempt - Email: customer1@gmail.com
[01-Mar-2025 02:25:06 Europe/Berlin] Login error: Invalid credentials
[01-Mar-2025 02:25:10 Europe/Berlin] Login attempt - Email: customer1@gmail.com
[01-Mar-2025 06:39:30 Europe/Berlin] Login attempt - Email: admin@gmail.com
[01-Mar-2025 06:39:30 Europe/Berlin] Admin login attempt - Result rows: 1
[01-Mar-2025 06:39:30 Europe/Berlin] Admin data: Array
(
    [id] => 6
    [password] => admin
    [position] => CRSS manager
    [status] => Active
)

[01-Mar-2025 06:39:38 Europe/Berlin] Login attempt - Email: customer1@gmail.com
[01-Mar-2025 07:07:43 Europe/Berlin] Login attempt - Email: admin@gmail.com
[01-Mar-2025 07:07:43 Europe/Berlin] Admin login attempt - Result rows: 1
[01-Mar-2025 07:07:43 Europe/Berlin] Admin data: Array
(
    [id] => 6
    [password] => admin
    [position] => CRSS manager
    [status] => Active
)

[02-Mar-2025 01:33:55 Europe/Berlin] Login attempt - Email: admin@gmail.com
[02-Mar-2025 01:33:55 Europe/Berlin] Admin login attempt - Result rows: 1
[02-Mar-2025 01:33:55 Europe/Berlin] Admin data: Array
(
    [id] => 6
    [password] => admin
    [position] => CRSS manager
    [status] => Active
)

[02-Mar-2025 01:34:05 Europe/Berlin] Login attempt - Email: customer1@gmail.com
[02-Mar-2025 01:34:05 Europe/Berlin] Login error: Invalid credentials
[02-Mar-2025 01:34:09 Europe/Berlin] Login attempt - Email: customer1@gmail.com
[02-Mar-2025 01:34:09 Europe/Berlin] Login error: Invalid credentials
[02-Mar-2025 01:34:15 Europe/Berlin] Login attempt - Email: customer1@gmail.com
[02-Mar-2025 01:39:33 Europe/Berlin] Login attempt - Email: customer1@gmail.com
[02-Mar-2025 01:42:45 Europe/Berlin] Login attempt - Email: customer1@gmail.com
[02-Mar-2025 01:43:36 Europe/Berlin] Login attempt - Email: customer1@gmail.com
[02-Mar-2025 01:53:30 Europe/Berlin] Login attempt - Email: customer1@gmail.com
[02-Mar-2025 02:11:29 Europe/Berlin] Login attempt - Email: customer1@gmail.com
[02-Mar-2025 02:12:34 Europe/Berlin] Login attempt - Email: customer1@gmail.com
[02-Mar-2025 02:14:37 Europe/Berlin] Login attempt - Email: customer1@gmail.com
[02-Mar-2025 02:18:41 Europe/Berlin] Login attempt - Email: customer1@gmail.com
[02-Mar-2025 02:29:26 Europe/Berlin] Login attempt - Email: customer1@gmail.com
[02-Mar-2025 02:36:10 Europe/Berlin] Login attempt - Email: customer1@gmail.com
[02-Mar-2025 22:57:53 Europe/Berlin] Login attempt - Email: customer1@gmail.com
[02-Mar-2025 22:58:05 Europe/Berlin] Login attempt - Email: admin@gmail.com
[02-Mar-2025 22:58:05 Europe/Berlin] Admin login attempt - Result rows: 1
[02-Mar-2025 22:58:05 Europe/Berlin] Admin data: Array
(
    [id] => 6
    [password] => admin
    [position] => CRSS manager
    [status] => Active
)

[02-Mar-2025 23:03:38 Europe/Berlin] POST data: Array
(
    [name] => customer2
    [email] => customer2@gmail.com
    [contact] => 09207056696
    [password] => customer2
    [confirmPassword] => customer2
)

[02-Mar-2025 23:03:38 Europe/Berlin] FILES data: Array
(
    [dlpic] => Array
        (
            [name] => Toyota_SUV_Fortuner.png
            [full_path] => Toyota_SUV_Fortuner.png
            [type] => image/png
            [tmp_name] => C:\xamppNew\tmp\php6232.tmp
            [error] => 0
            [size] => 151597
        )

)

[02-Mar-2025 23:05:17 Europe/Berlin] Login attempt - Email: admin@gmail.com
[02-Mar-2025 23:05:17 Europe/Berlin] Admin login attempt - Result rows: 1
[02-Mar-2025 23:05:17 Europe/Berlin] Admin data: Array
(
    [id] => 6
    [password] => admin
    [position] => CRSS manager
    [status] => Active
)

[02-Mar-2025 23:07:14 Europe/Berlin] Login attempt - Email: customer1@gmail.com
[03-Mar-2025 05:17:17 Europe/Berlin] Login attempt - Email: admin@gmail.com
[03-Mar-2025 05:17:17 Europe/Berlin] Admin login attempt - Result rows: 1
[03-Mar-2025 05:17:17 Europe/Berlin] Admin data: Array
(
    [id] => 6
    [password] => admin
    [position] => CRSS manager
    [status] => Active
)

[03-Mar-2025 05:20:20 Europe/Berlin] Login attempt - Email: customer1@gmail.com
[03-Mar-2025 05:20:20 Europe/Berlin] Login error: Invalid credentials
[03-Mar-2025 05:20:42 Europe/Berlin] Login attempt - Email: customer1@gmail.com
[03-Mar-2025 05:26:37 Europe/Berlin] Login attempt - Email: admin@gmail.com
[03-Mar-2025 05:26:37 Europe/Berlin] Admin login attempt - Result rows: 1
[03-Mar-2025 05:26:37 Europe/Berlin] Admin data: Array
(
    [id] => 6
    [password] => admin
    [position] => CRSS manager
    [status] => Active
)

[03-Mar-2025 05:43:55 Europe/Berlin] Login attempt - Email: customer1@gmail.com
[03-Mar-2025 05:44:34 Europe/Berlin] Login attempt - Email: admin@gmail.com
[03-Mar-2025 05:44:34 Europe/Berlin] Admin login attempt - Result rows: 1
[03-Mar-2025 05:44:34 Europe/Berlin] Admin data: Array
(
    [id] => 6
    [password] => admin
    [position] => CRSS manager
    [status] => Active
)

[03-Mar-2025 06:14:43 Europe/Berlin] Login attempt - Email: customer2@gmail.com
[03-Mar-2025 06:52:18 Europe/Berlin] Login attempt - Email: customer1@gmail.com
[03-Mar-2025 06:53:29 Europe/Berlin] Login attempt - Email: customer1@gmail.com
[03-Mar-2025 06:54:02 Europe/Berlin] Login attempt - Email: admin@gmail.com
[03-Mar-2025 06:54:02 Europe/Berlin] Admin login attempt - Result rows: 1
[03-Mar-2025 06:54:02 Europe/Berlin] Admin data: Array
(
    [id] => 6
    [password] => admin
    [position] => CRSS manager
    [status] => Active
)

[10-Mar-2025 11:02:50 Europe/Berlin] Login attempt - Email: admin@gmail.com
[10-Mar-2025 11:02:50 Europe/Berlin] Admin login attempt - Result rows: 1
[10-Mar-2025 11:02:50 Europe/Berlin] Admin data: Array
(
    [id] => 6
    [password] => admin
    [position] => CRSS manager
    [status] => Active
)

[10-Mar-2025 12:27:40 Europe/Berlin] Login attempt - Email: admin@gmail.com
[10-Mar-2025 12:27:40 Europe/Berlin] Admin login attempt - Result rows: 1
[10-Mar-2025 12:27:40 Europe/Berlin] Admin data: Array
(
    [id] => 6
    [password] => admin
    [position] => CRSS manager
    [status] => Active
)

[10-Mar-2025 12:32:17 Europe/Berlin] Login attempt - Email: admin@gmail.com
[10-Mar-2025 12:32:17 Europe/Berlin] Admin login attempt - Result rows: 1
[10-Mar-2025 12:32:17 Europe/Berlin] Admin data: Array
(
    [id] => 6
    [password] => admin
    [position] => CRSS manager
    [status] => Active
)

[10-Mar-2025 12:34:09 Europe/Berlin] Login attempt - Email: admin@gmail.com
[10-Mar-2025 12:34:09 Europe/Berlin] Admin login attempt - Result rows: 1
[10-Mar-2025 12:34:09 Europe/Berlin] Admin data: Array
(
    [id] => 6
    [password] => admin
    [position] => CRSS manager
    [status] => Active
)

[10-Mar-2025 12:34:27 Europe/Berlin] Login attempt - Email: admin@gmail.com
[10-Mar-2025 12:34:27 Europe/Berlin] Admin login attempt - Result rows: 1
[10-Mar-2025 12:34:27 Europe/Berlin] Admin data: Array
(
    [id] => 6
    [password] => admin
    [position] => CRSS manager
    [status] => Active
)

[10-Mar-2025 12:34:47 Europe/Berlin] Login attempt - Email: admin@gmail.com
[10-Mar-2025 12:34:47 Europe/Berlin] Admin login attempt - Result rows: 1
[10-Mar-2025 12:34:47 Europe/Berlin] Admin data: Array
(
    [id] => 6
    [password] => admin
    [position] => CRSS manager
    [status] => Active
)

[10-Mar-2025 12:35:34 Europe/Berlin] Login attempt - Email: admin@gmail.com
[10-Mar-2025 12:35:34 Europe/Berlin] Admin login attempt - Result rows: 1
[10-Mar-2025 12:35:34 Europe/Berlin] Admin data: Array
(
    [id] => 6
    [password] => admin
    [position] => CRSS manager
    [status] => Active
)

[10-Mar-2025 12:36:59 Europe/Berlin] Login attempt - Email: admin@gmail.com
[10-Mar-2025 12:36:59 Europe/Berlin] Admin login attempt - Result rows: 1
[10-Mar-2025 12:36:59 Europe/Berlin] Admin data: Array
(
    [id] => 6
    [password] => admin
    [position] => CRSS manager
    [status] => Active
)

[10-Mar-2025 12:39:25 Europe/Berlin] Login attempt - Email: admin@gmail.com
[10-Mar-2025 12:39:25 Europe/Berlin] Admin login attempt - Result rows: 1
[10-Mar-2025 12:39:25 Europe/Berlin] Admin data: Array
(
    [id] => 6
    [password] => admin
    [position] => CRSS manager
    [status] => Active
)

